  buttons.cpp
  cursors.cpp
  draw.cpp
  editor.cpp
d:\programming\barony\src\main.hpp(29): fatal error C1083: Cannot open include file: 'physfs.h': No such file or directory (compiling source file ..\..\src\draw.cpp)
d:\programming\barony\src\main.hpp(29): fatal error C1083: Cannot open include file: 'physfs.h': No such file or directory (compiling source file ..\..\src\editor.cpp)
  entity_editor.cpp
d:\programming\barony\src\main.hpp(29): fatal error C1083: Cannot open include file: 'physfs.h': No such file or directory (compiling source file ..\..\src\cursors.cpp)
  entity_shared.cpp
  files.cpp
d:\programming\barony\src\main.hpp(29): fatal error C1083: Cannot open include file: 'physfs.h': No such file or directory (compiling source file ..\..\src\buttons.cpp)
  hash.cpp
d:\programming\barony\src\main.hpp(29): fatal error C1083: Cannot open include file: 'physfs.h': No such file or directory (compiling source file ..\..\src\entity_shared.cpp)
  init.cpp
d:\programming\barony\src\main.hpp(29): fatal error C1083: Cannot open include file: 'physfs.h': No such file or directory (compiling source file ..\..\src\entity_editor.cpp)
  items_editor.cpp
d:\programming\barony\src\main.hpp(29): fatal error C1083: Cannot open include file: 'physfs.h': No such file or directory (compiling source file ..\..\src\hash.cpp)
  light.cpp
d:\programming\barony\src\main.hpp(29): fatal error C1083: Cannot open include file: 'physfs.h': No such file or directory (compiling source file ..\..\src\files.cpp)
  list.cpp
d:\programming\barony\src\main.hpp(29): fatal error C1083: Cannot open include file: 'physfs.h': No such file or directory (compiling source file ..\..\src\init.cpp)
  main.cpp
d:\programming\barony\src\main.hpp(29): fatal error C1083: Cannot open include file: 'physfs.h': No such file or directory (compiling source file ..\..\src\items_editor.cpp)
  objects.cpp
d:\programming\barony\src\main.hpp(29): fatal error C1083: Cannot open include file: 'physfs.h': No such file or directory (compiling source file ..\..\src\light.cpp)
  opengl.cpp
d:\programming\barony\src\main.hpp(29): fatal error C1083: Cannot open include file: 'physfs.h': No such file or directory (compiling source file ..\..\src\list.cpp)
  sound.cpp
d:\programming\barony\src\main.hpp(29): fatal error C1083: Cannot open include file: 'physfs.h': No such file or directory (compiling source file ..\..\src\main.cpp)
  stat_editor.cpp
d:\programming\barony\src\main.hpp(29): fatal error C1083: Cannot open include file: 'physfs.h': No such file or directory (compiling source file ..\..\src\objects.cpp)
  stat_shared.cpp
d:\programming\barony\src\main.hpp(29): fatal error C1083: Cannot open include file: 'physfs.h': No such file or directory (compiling source file ..\..\src\opengl.cpp)
  steam_shared.cpp
d:\programming\barony\src\main.hpp(29): fatal error C1083: Cannot open include file: 'physfs.h': No such file or directory (compiling source file ..\..\src\sound.cpp)
d:\programming\barony\src\main.hpp(29): fatal error C1083: Cannot open include file: 'physfs.h': No such file or directory (compiling source file ..\..\src\stat_editor.cpp)
d:\programming\barony\src\main.hpp(29): fatal error C1083: Cannot open include file: 'physfs.h': No such file or directory (compiling source file ..\..\src\steam_shared.cpp)
d:\programming\barony\src\main.hpp(29): fatal error C1083: Cannot open include file: 'physfs.h': No such file or directory (compiling source file ..\..\src\stat_shared.cpp)
