magic.obj : error LNK2001: unresolved external symbol _SDL_MapRGB
spell.obj : error LNK2001: unresolved external symbol _SDL_MapRGB
menu.obj : error LNK2001: unresolved external symbol _SDL_MapRGB
monster_minotaur.obj : error LNK2001: unresolved external symbol _SDL_MapRGB
item_usage_funcs.obj : error LNK2001: unresolved external symbol _SDL_MapRGB
actmagic.obj : error LNK2001: unresolved external symbol _SDL_MapRGB
act_HandMagic.obj : error LNK2001: unresolved external symbol _SDL_MapRGB
castSpell.obj : error LNK2001: unresolved external symbol _SDL_MapRGB
interface.obj : error LNK2001: unresolved external symbol _SDL_MapRGB
playerinventory.obj : error LNK2001: unresolved external symbol _SDL_MapRGB
shopgui.obj : error LNK2001: unresolved external symbol _SDL_MapRGB
updatecharactersheet.obj : error LNK2001: unresolved external symbol _SDL_MapRGB
entity.obj : error LNK2001: unresolved external symbol _SDL_MapRGB
game.obj : error LNK2001: unresolved external symbol _SDL_MapRGB
drawminimap.obj : error LNK2001: unresolved external symbol _SDL_MapRGB
drawstatus.obj : error LNK2001: unresolved external symbol _SDL_MapRGB
actsink.obj : error LNK2001: unresolved external symbol _SDL_MapRGB
actspeartrap.obj : error LNK2001: unresolved external symbol _SDL_MapRGB
actthrown.obj : error LNK2001: unresolved external symbol _SDL_MapRGB
draw.obj : error LNK2001: unresolved external symbol _SDL_MapRGB
actgeneral.obj : error LNK2001: unresolved external symbol _SDL_MapRGB
actheadstone.obj : error LNK2001: unresolved external symbol _SDL_MapRGB
actmonster.obj : error LNK2001: unresolved external symbol _SDL_MapRGB
actplayer.obj : error LNK2001: unresolved external symbol _SDL_MapRGB
actarrow.obj : error LNK2001: unresolved external symbol _SDL_MapRGB
actbeartrap.obj : error LNK2001: unresolved external symbol _SDL_MapRGB
actboulder.obj : error LNK2001: unresolved external symbol _SDL_MapRGB
actfountain.obj : error LNK2001: unresolved external symbol _SDL_MapRGB
monster_minotaur.obj : error LNK2019: unresolved external symbol _SDL_MapRGBA referenced in function "void __cdecl minotaurMoveBodyparts(class Entity *,class Stat *,double)" (?minotaurMoveBodyparts@@YAXPAVEntity@@PAVStat@@N@Z)
net.obj : error LNK2001: unresolved external symbol _SDL_MapRGBA
updatecharactersheet.obj : error LNK2001: unresolved external symbol _SDL_MapRGBA
item_tool.obj : error LNK2001: unresolved external symbol _SDL_MapRGBA
castSpell.obj : error LNK2001: unresolved external symbol _SDL_MapRGBA
menu.obj : error LNK2001: unresolved external symbol _SDL_MapRGBA
interface.obj : error LNK2001: unresolved external symbol _SDL_MapRGBA
magicgui.obj : error LNK2001: unresolved external symbol _SDL_MapRGBA
playerinventory.obj : error LNK2001: unresolved external symbol _SDL_MapRGBA
shopgui.obj : error LNK2001: unresolved external symbol _SDL_MapRGBA
draw.obj : error LNK2001: unresolved external symbol _SDL_MapRGBA
game.obj : error LNK2001: unresolved external symbol _SDL_MapRGBA
bookgui.obj : error LNK2001: unresolved external symbol _SDL_MapRGBA
drawstatus.obj : error LNK2001: unresolved external symbol _SDL_MapRGBA
actfountain.obj : error LNK2001: unresolved external symbol _SDL_MapRGBA
actmonster.obj : error LNK2001: unresolved external symbol _SDL_MapRGBA
actplayer.obj : error LNK2001: unresolved external symbol _SDL_MapRGBA
book.obj : error LNK2001: unresolved external symbol _SDL_MapRGBA
menu.obj : error LNK2001: unresolved external symbol _SDL_GetTicks
messages.obj : error LNK2001: unresolved external symbol _SDL_GetTicks
net.obj : error LNK2001: unresolved external symbol _SDL_GetTicks
acthudweapon.obj : error LNK2001: unresolved external symbol _SDL_GetTicks
game.obj : error LNK2001: unresolved external symbol _SDL_GetTicks
init_game.obj : error LNK2001: unresolved external symbol _SDL_GetTicks
consolecommand.obj : error LNK2001: unresolved external symbol _SDL_GetTicks
savepng.obj : error LNK2001: unresolved external symbol _SDL_CreateRGBSurface
draw.obj : error LNK2001: unresolved external symbol _SDL_CreateRGBSurface
files.obj : error LNK2001: unresolved external symbol _SDL_CreateRGBSurface
init.obj : error LNK2001: unresolved external symbol _SDL_CreateRGBSurface
screenshot.obj : error LNK2001: unresolved external symbol _SDL_CreateRGBSurface
draw.obj : error LNK2019: unresolved external symbol _SDL_LockSurface referenced in function "struct SDL_Surface * __cdecl flipSurface(struct SDL_Surface *,int)" (?flipSurface@@YAPAUSDL_Surface@@PAU1@H@Z)
files.obj : error LNK2001: unresolved external symbol _SDL_LockSurface
screenshot.obj : error LNK2001: unresolved external symbol _SDL_LockSurface
draw.obj : error LNK2019: unresolved external symbol _SDL_UnlockSurface referenced in function "struct SDL_Surface * __cdecl flipSurface(struct SDL_Surface *,int)" (?flipSurface@@YAPAUSDL_Surface@@PAU1@H@Z)
files.obj : error LNK2001: unresolved external symbol _SDL_UnlockSurface
screenshot.obj : error LNK2001: unresolved external symbol _SDL_UnlockSurface
draw.obj : error LNK2019: unresolved external symbol _SDL_UpperBlit referenced in function "struct SDL_Rect __cdecl ttfPrintTextColor(struct _TTF_Font *,int,int,unsigned int,bool,char const *)" (?ttfPrintTextColor@@YA?AUSDL_Rect@@PAU_TTF_Font@@HHI_NPBD@Z)
files.obj : error LNK2001: unresolved external symbol _SDL_UpperBlit
screenshot.obj : error LNK2001: unresolved external symbol _SDL_UpperBlit
opengl.obj : error LNK2001: unresolved external symbol _SDL_UpperBlit
interface.obj : error LNK2001: unresolved external symbol _SDL_FreeSurface
screenshot.obj : error LNK2001: unresolved external symbol _SDL_FreeSurface
player.obj : error LNK2001: unresolved external symbol _SDL_FreeSurface
files.obj : error LNK2001: unresolved external symbol _SDL_FreeSurface
hash.obj : error LNK2001: unresolved external symbol _SDL_FreeSurface
init.obj : error LNK2001: unresolved external symbol _SDL_FreeSurface
init_game.obj : error LNK2001: unresolved external symbol _SDL_FreeSurface
game.obj : error LNK2019: unresolved external symbol _SDL_SetClipboardText referenced in function "void __cdecl handleEvents(void)" (?handleEvents@@YAXXZ)
game.obj : error LNK2019: unresolved external symbol _SDL_GetClipboardText referenced in function "void __cdecl handleEvents(void)" (?handleEvents@@YAXXZ)
game.obj : error LNK2019: unresolved external symbol _SDL_GetModState referenced in function "void __cdecl handleEvents(void)" (?handleEvents@@YAXXZ)
game.obj : error LNK2019: unresolved external symbol _SDL_StartTextInput referenced in function _SDL_main
menu.obj : error LNK2001: unresolved external symbol _SDL_StartTextInput
game.obj : error LNK2019: unresolved external symbol _SDL_IsTextInputActive referenced in function "void __cdecl handleEvents(void)" (?handleEvents@@YAXXZ)
menu.obj : error LNK2001: unresolved external symbol _SDL_IsTextInputActive
game.obj : error LNK2019: unresolved external symbol _SDL_StopTextInput referenced in function _SDL_main
init.obj : error LNK2001: unresolved external symbol _SDL_StopTextInput
menu.obj : error LNK2001: unresolved external symbol _SDL_StopTextInput
game.obj : error LNK2019: unresolved external symbol _SDL_SetRelativeMouseMode referenced in function "void __cdecl pauseGame(int,int)" (?pauseGame@@YAXHH@Z)
interface.obj : error LNK2001: unresolved external symbol _SDL_SetRelativeMouseMode
game.obj : error LNK2019: unresolved external symbol _SDL_GetRelativeMouseMode referenced in function "void __cdecl pauseGame(int,int)" (?pauseGame@@YAXHH@Z)
game.obj : error LNK2019: unresolved external symbol _SDL_PollEvent referenced in function "void __cdecl handleEvents(void)" (?handleEvents@@YAXXZ)
game.obj : error LNK2019: unresolved external symbol _SDL_PushEvent referenced in function "void __cdecl handleEvents(void)" (?handleEvents@@YAXXZ)
player.obj : error LNK2001: unresolved external symbol _SDL_PushEvent
game.obj : error LNK2019: unresolved external symbol _SDL_ShowSimpleMessageBox referenced in function _SDL_main
game.obj : error LNK2019: unresolved external symbol _SDL_GetPerformanceCounter referenced in function "bool __cdecl frameRateLimit(unsigned int)" (?frameRateLimit@@YA_NI@Z)
game.obj : error LNK2019: unresolved external symbol _SDL_GetPerformanceFrequency referenced in function "bool __cdecl frameRateLimit(unsigned int)" (?frameRateLimit@@YA_NI@Z)
game.obj : error LNK2019: unresolved external symbol _SDL_AddTimer referenced in function _SDL_main
init.obj : error LNK2019: unresolved external symbol _SDL_GetError referenced in function "int __cdecl initApp(char *,int)" (?initApp@@YAHPADH@Z)
player.obj : error LNK2001: unresolved external symbol _SDL_GetError
init.obj : error LNK2019: unresolved external symbol _SDL_CreateWindow referenced in function "bool __cdecl initVideo(void)" (?initVideo@@YA_NXZ)
init.obj : error LNK2019: unresolved external symbol _SDL_SetWindowSize referenced in function "bool __cdecl initVideo(void)" (?initVideo@@YA_NXZ)
init.obj : error LNK2019: unresolved external symbol _SDL_SetWindowFullscreen referenced in function "bool __cdecl initVideo(void)" (?initVideo@@YA_NXZ)
init.obj : error LNK2019: unresolved external symbol _SDL_SetWindowBrightness referenced in function "bool __cdecl initVideo(void)" (?initVideo@@YA_NXZ)
init.obj : error LNK2019: unresolved external symbol _SDL_DestroyWindow referenced in function "int __cdecl deinitApp(void)" (?deinitApp@@YAHXZ)
init.obj : error LNK2019: unresolved external symbol _SDL_GL_GetProcAddress referenced in function "int __cdecl initApp(char *,int)" (?initApp@@YAHPADH@Z)
init.obj : error LNK2019: unresolved external symbol _SDL_GL_SetAttribute referenced in function "bool __cdecl initVideo(void)" (?initVideo@@YA_NXZ)
init.obj : error LNK2019: unresolved external symbol _SDL_GL_CreateContext referenced in function "bool __cdecl initVideo(void)" (?initVideo@@YA_NXZ)
init.obj : error LNK2019: unresolved external symbol _SDL_GL_MakeCurrent referenced in function "bool __cdecl initVideo(void)" (?initVideo@@YA_NXZ)
init.obj : error LNK2019: unresolved external symbol _SDL_GL_SetSwapInterval referenced in function "bool __cdecl initVideo(void)" (?initVideo@@YA_NXZ)
init.obj : error LNK2019: unresolved external symbol _SDL_GL_DeleteContext referenced in function "bool __cdecl changeVideoMode(void)" (?changeVideoMode@@YA_NXZ)
init.obj : error LNK2019: unresolved external symbol _SDL_ShowCursor referenced in function "int __cdecl initApp(char *,int)" (?initApp@@YAHPADH@Z)
init.obj : error LNK2019: unresolved external symbol _SDL_RemoveTimer referenced in function "int __cdecl deinitApp(void)" (?deinitApp@@YAHXZ)
init.obj : error LNK2019: unresolved external symbol _SDL_Init referenced in function "int __cdecl initApp(char *,int)" (?initApp@@YAHPADH@Z)
init.obj : error LNK2019: unresolved external symbol _SDL_Quit referenced in function "int __cdecl deinitApp(void)" (?deinitApp@@YAHXZ)
player.obj : error LNK2001: unresolved external symbol _SDL_WarpMouseInWindow
removecurse.obj : error LNK2001: unresolved external symbol _SDL_WarpMouseInWindow
shopgui.obj : error LNK2001: unresolved external symbol _SDL_WarpMouseInWindow
updatechestinventory.obj : error LNK2001: unresolved external symbol _SDL_WarpMouseInWindow
menu.obj : error LNK2001: unresolved external symbol _SDL_WarpMouseInWindow
drawstatus.obj : error LNK2001: unresolved external symbol _SDL_WarpMouseInWindow
identify_and_appraise.obj : error LNK2001: unresolved external symbol _SDL_WarpMouseInWindow
interface.obj : error LNK2001: unresolved external symbol _SDL_WarpMouseInWindow
playerinventory.obj : error LNK2001: unresolved external symbol _SDL_WarpMouseInWindow
interface.obj : error LNK2019: unresolved external symbol _SDL_GetKeyFromScancode referenced in function "char const * __cdecl getInputName(unsigned int)" (?getInputName@@YAPBDI@Z)
interface.obj : error LNK2019: unresolved external symbol _SDL_GetKeyName referenced in function "char const * __cdecl getInputName(unsigned int)" (?getInputName@@YAPBDI@Z)
interface.obj : error LNK2019: unresolved external symbol _SDL_GameControllerGetStringForButton referenced in function "char const * __cdecl getInputName(unsigned int)" (?getInputName@@YAPBDI@Z)
screenshot.obj : error LNK2019: unresolved external symbol _SDL_FillRect referenced in function "void __cdecl takeScreenshot(void)" (?takeScreenshot@@YAXXZ)
menu.obj : error LNK2019: unresolved external symbol _SDL_GetNumVideoDisplays referenced in function "void __cdecl getResolutionList(void)" (?getResolutionList@@YAXXZ)
menu.obj : error LNK2019: unresolved external symbol _SDL_GetNumDisplayModes referenced in function "void __cdecl getResolutionList(void)" (?getResolutionList@@YAXXZ)
menu.obj : error LNK2019: unresolved external symbol _SDL_GetDisplayMode referenced in function "void __cdecl getResolutionList(void)" (?getResolutionList@@YAXXZ)
net.obj : error LNK2019: unresolved external symbol _SDL_CreateMutex referenced in function "public: __thiscall NetHandler::NetHandler(void)" (??0NetHandler@@QAE@XZ)
net.obj : error LNK2019: unresolved external symbol _SDL_LockMutex referenced in function "public: void __thiscall NetHandler::addGamePacket(class SteamPacketWrapper *)" (?addGamePacket@NetHandler@@QAEXPAVSteamPacketWrapper@@@Z)
net.obj : error LNK2019: unresolved external symbol _SDL_UnlockMutex referenced in function "public: void __thiscall NetHandler::addGamePacket(class SteamPacketWrapper *)" (?addGamePacket@NetHandler@@QAEXPAVSteamPacketWrapper@@@Z)
net.obj : error LNK2019: unresolved external symbol _SDL_DestroyMutex referenced in function "public: __thiscall NetHandler::~NetHandler(void)" (??1NetHandler@@QAE@XZ)
net.obj : error LNK2019: unresolved external symbol _SDL_WaitThread referenced in function "public: __thiscall NetHandler::~NetHandler(void)" (??1NetHandler@@QAE@XZ)
net.obj : error LNK2019: unresolved external symbol _SDL_Delay referenced in function "void __cdecl sendEntityTCP(class Entity *,int)" (?sendEntityTCP@@YAXPAVEntity@@H@Z)
opengl.obj : error LNK2019: unresolved external symbol _SDL_GL_SwapWindow referenced in function "void __cdecl GO_SwapBuffers(struct SDL_Window *)" (?GO_SwapBuffers@@YAXPAUSDL_Window@@@Z)
player.obj : error LNK2019: unresolved external symbol _SDL_RWFromFile referenced in function "void __cdecl initGameControllers(void)" (?initGameControllers@@YAXXZ)
savepng.obj : error LNK2001: unresolved external symbol _SDL_RWFromFile
player.obj : error LNK2019: unresolved external symbol _SDL_NumJoysticks referenced in function "void __cdecl initGameControllers(void)" (?initGameControllers@@YAXXZ)
player.obj : error LNK2019: unresolved external symbol _SDL_GameControllerAddMappingsFromRW referenced in function "void __cdecl initGameControllers(void)" (?initGameControllers@@YAXXZ)
player.obj : error LNK2019: unresolved external symbol _SDL_IsGameController referenced in function "void __cdecl initGameControllers(void)" (?initGameControllers@@YAXXZ)
player.obj : error LNK2019: unresolved external symbol _SDL_GameControllerNameForIndex referenced in function "public: bool __thiscall GameController::open(int)" (?open@GameController@@QAE_NH@Z)
player.obj : error LNK2019: unresolved external symbol _SDL_GameControllerOpen referenced in function "public: bool __thiscall GameController::open(int)" (?open@GameController@@QAE_NH@Z)
player.obj : error LNK2019: unresolved external symbol _SDL_GameControllerGetAxis referenced in function "public: int __thiscall GameController::getRawLeftTrigger(void)" (?getRawLeftTrigger@GameController@@QAEHXZ)
player.obj : error LNK2019: unresolved external symbol _SDL_GameControllerClose referenced in function "public: void __thiscall GameController::close(void)" (?close@GameController@@QAEXXZ)
savepng.obj : error LNK2019: unresolved external symbol _SDL_SetError referenced in function "int __cdecl SDL_SavePNG_RW(struct SDL_Surface *,struct SDL_RWops *,int)" (?SDL_SavePNG_RW@@YAHPAUSDL_Surface@@PAUSDL_RWops@@H@Z)
savepng.obj : error LNK2019: unresolved external symbol _SDL_LowerBlit referenced in function "struct SDL_Surface * __cdecl SDL_PNGFormatAlpha(struct SDL_Surface *)" (?SDL_PNGFormatAlpha@@YAPAUSDL_Surface@@PAU1@@Z)
MSVCRTD.lib(exe_winmain.obj) : error LNK2019: unresolved external symbol _WinMain@16 referenced in function "int __cdecl invoke_main(void)" (?invoke_main@@YAHXZ)
D:\Programming\Barony DLLs\SDL2-devel-2.0.9-VC\SDL2-2.0.9\lib\x64\SDL2.lib : warning LNK4272: library machine type 'x64' conflicts with target machine type 'x86'
D:\Programming\Barony DLLs\SDL2-devel-2.0.9-VC\SDL2-2.0.9\lib\x64\SDL2main.lib : warning LNK4272: library machine type 'x64' conflicts with target machine type 'x86'
D:\Programming\Barony\VS.2015\Debug\barony_test.exe : fatal error LNK1120: 64 unresolved externals
